<?xml version="1.0" encoding="UTF-8"?>
<!-- Generated by org.testng.reporters.JUnitReportReporter -->
<testsuite hostname="vimalapc" name="testScripts.Test123" tests="1" failures="0" timestamp="10 Apr 2019 23:34:01 GMT" time="25.548" errors="0">
  <testcase name="testReg" time="25.548" classname="testScripts.Test123"/>
</testsuite> <!-- testScripts.Test123 -->
